<html>
<head>
<title>TestNG:  Test</title>
<link href="../testng.css" rel="stylesheet" type="text/css" />
<link href="../my-testng.css" rel="stylesheet" type="text/css" />

<style type="text/css">
.log { display: none;} 
.stack-trace { display: none;} 
</style>
<script type="text/javascript">
<!--
function flip(e) {
  current = e.style.display;
  if (current == 'block') {
    e.style.display = 'none';
    return 0;
  }
  else {
    e.style.display = 'block';
    return 1;
  }
}

function toggleBox(szDivId, elem, msg1, msg2)
{
  var res = -1;  if (document.getElementById) {
    res = flip(document.getElementById(szDivId));
  }
  else if (document.all) {
    // this is the way old msie versions work
    res = flip(document.all[szDivId]);
  }
  if(elem) {
    if(res == 0) elem.innerHTML = msg1; else elem.innerHTML = msg2;
  }

}

function toggleAllBoxes() {
  if (document.getElementsByTagName) {
    d = document.getElementsByTagName('div');
    for (i = 0; i < d.length; i++) {
      if (d[i].className == 'log') {
        flip(d[i]);
      }
    }
  }
}

// -->
</script>

</head>
<body>
<h2 align='center'>Test</h2><table border='1' align="center">
<tr>
<td>Tests passed/Failed/Skipped:</td><td>8/3/0</td>
</tr><tr>
<td>Started on:</td><td>Sun Oct 17 23:55:50 BRT 2021</td>
</tr>
<tr><td>Total time:</td><td>1 seconds (1208 ms)</td>
</tr><tr>
<td>Included groups:</td><td></td>
</tr><tr>
<td>Excluded groups:</td><td></td>
</tr>
</table><p/>
<small><i>(Hover the method name to see the test class name)</i></small><p/>
<table width='100%' border='1' class='invocation-failed'>
<tr><td colspan='4' align='center'><b>FAILED TESTS</b></td></tr>
<tr><td><b>Test method</b></td>
<td width="30%"><b>Exception</b></td>
<td width="10%"><b>Time (seconds)</b></td>
<td><b>Instance</b></td>
</tr>
<tr>
<td title='tests.testng.TestNgSuiteRunner.runScenario()'><b>runScenario</b><br>Test class: tests.testng.TestNgSuiteRunner<br>Test method: Runs Cucumber Scenarios<br>Parameters: "Successful login with valid credentials 2", "Optional[To check the Edit Profile  functionality for each user]"</td>
<td><div><pre>java.lang.AssertionError: expected [true] but found [false]
	at tests.testng.features.steps.Third.enterLogInData(Third.java:25)
	at ?.user enters the &quot;Natan&quot; and &quot;12312&quot; credentials(classpath:tests/testng/features/Third.feature:32)
... Removed 4 stack frames</pre></div><a href='#' onClick='toggleBox("stack-trace1793899405", this, "Click to show all stack frames", "Click to hide stack frames")'>Click to show all stack frames</a>
<div class='stack-trace' id='stack-trace1793899405'><pre>java.lang.AssertionError: expected [true] but found [false]
	at org.testng.Assert.fail(Assert.java:99)
	at org.testng.Assert.failNotEquals(Assert.java:1037)
	at org.testng.Assert.assertTrue(Assert.java:45)
	at org.testng.Assert.assertTrue(Assert.java:55)
	at tests.testng.features.steps.Third.enterLogInData(Third.java:25)
	at ?.user enters the &quot;Natan&quot; and &quot;12312&quot; credentials(classpath:tests/testng/features/Third.feature:32)
</pre></div></td>
<td>0</td>
<td>tests.testng.TestNgSuiteRunner@32ee6fee</td></tr>
<tr>
<td title='tests.testng.TestNgSuiteRunner.runScenario()'><b>runScenario</b><br>Test class: tests.testng.TestNgSuiteRunner<br>Test method: Runs Cucumber Scenarios<br>Parameters: "Successful login with valid credentials 2", "Optional[To check the Edit Profile  functionality for each user]"</td>
<td><div><pre>java.lang.AssertionError: expected [true] but found [false]
	at tests.testng.features.steps.Third.enterLogInData(Third.java:25)
	at ?.user enters the &quot;Natan&quot; and &quot;1asdasd2&quot; credentials(classpath:tests/testng/features/Third.feature:32)
... Removed 4 stack frames</pre></div><a href='#' onClick='toggleBox("stack-trace632475595", this, "Click to show all stack frames", "Click to hide stack frames")'>Click to show all stack frames</a>
<div class='stack-trace' id='stack-trace632475595'><pre>java.lang.AssertionError: expected [true] but found [false]
	at org.testng.Assert.fail(Assert.java:99)
	at org.testng.Assert.failNotEquals(Assert.java:1037)
	at org.testng.Assert.assertTrue(Assert.java:45)
	at org.testng.Assert.assertTrue(Assert.java:55)
	at tests.testng.features.steps.Third.enterLogInData(Third.java:25)
	at ?.user enters the &quot;Natan&quot; and &quot;1asdasd2&quot; credentials(classpath:tests/testng/features/Third.feature:32)
</pre></div></td>
<td>0</td>
<td>tests.testng.TestNgSuiteRunner@32ee6fee</td></tr>
<tr>
<td title='tests.testng.TestNgSuiteRunner.runScenario()'><b>runScenario</b><br>Test class: tests.testng.TestNgSuiteRunner<br>Test method: Runs Cucumber Scenarios<br>Parameters: "Successful login with valid credentials 2", "Optional[To check the Edit Profile  functionality for each user]"</td>
<td><div><pre>java.lang.AssertionError: expected [true] but found [false]
	at tests.testng.features.steps.Third.enterLogInData(Third.java:25)
	at ?.user enters the &quot;Natan&quot; and &quot;122312&quot; credentials(classpath:tests/testng/features/Third.feature:32)
... Removed 4 stack frames</pre></div><a href='#' onClick='toggleBox("stack-trace1302725372", this, "Click to show all stack frames", "Click to hide stack frames")'>Click to show all stack frames</a>
<div class='stack-trace' id='stack-trace1302725372'><pre>java.lang.AssertionError: expected [true] but found [false]
	at org.testng.Assert.fail(Assert.java:99)
	at org.testng.Assert.failNotEquals(Assert.java:1037)
	at org.testng.Assert.assertTrue(Assert.java:45)
	at org.testng.Assert.assertTrue(Assert.java:55)
	at tests.testng.features.steps.Third.enterLogInData(Third.java:25)
	at ?.user enters the &quot;Natan&quot; and &quot;122312&quot; credentials(classpath:tests/testng/features/Third.feature:32)
</pre></div></td>
<td>0</td>
<td>tests.testng.TestNgSuiteRunner@32ee6fee</td></tr>
</table><p>
<table width='100%' border='1' class='invocation-passed'>
<tr><td colspan='4' align='center'><b>PASSED TESTS</b></td></tr>
<tr><td><b>Test method</b></td>
<td width="30%"><b>Exception</b></td>
<td width="10%"><b>Time (seconds)</b></td>
<td><b>Instance</b></td>
</tr>
<tr>
<td title='tests.testng.TestNgSuiteRunner.runScenario()'><b>runScenario</b><br>Test class: tests.testng.TestNgSuiteRunner<br>Test method: Runs Cucumber Scenarios<br>Parameters: "Successful login with valid credentials 2", "Optional[To check the Edit Profile  functionality for each user]"</td>
<td></td>
<td>0</td>
<td>tests.testng.TestNgSuiteRunner@32ee6fee</td></tr>
<tr>
<td title='tests.testng.TestNgSuiteRunner.runScenario()'><b>runScenario</b><br>Test class: tests.testng.TestNgSuiteRunner<br>Test method: Runs Cucumber Scenarios<br>Parameters: "Successful login with valid credentials", "Optional[To check the Edit Profile  functionality for each user]"</td>
<td></td>
<td>0</td>
<td>tests.testng.TestNgSuiteRunner@32ee6fee</td></tr>
<tr>
<td title='tests.testng.TestNgSuiteRunner.runScenario()'><b>runScenario</b><br>Test class: tests.testng.TestNgSuiteRunner<br>Test method: Runs Cucumber Scenarios<br>Parameters: "Successful login with valid credentials 3", "Optional[To check the Edit Profile  functionality for each user]"</td>
<td></td>
<td>0</td>
<td>tests.testng.TestNgSuiteRunner@32ee6fee</td></tr>
<tr>
<td title='tests.testng.TestNgSuiteRunner.runScenario()'><b>runScenario</b><br>Test class: tests.testng.TestNgSuiteRunner<br>Test method: Runs Cucumber Scenarios<br>Parameters: "Testando passo 2", "Optional[Feature 2]"</td>
<td></td>
<td>0</td>
<td>tests.testng.TestNgSuiteRunner@32ee6fee</td></tr>
<tr>
<td title='tests.testng.TestNgSuiteRunner.runScenario()'><b>runScenario</b><br>Test class: tests.testng.TestNgSuiteRunner<br>Test method: Runs Cucumber Scenarios<br>Parameters: "Successful login with valid credentials 2", "Optional[To check the Edit Profile  functionality for each user]"</td>
<td></td>
<td>0</td>
<td>tests.testng.TestNgSuiteRunner@32ee6fee</td></tr>
<tr>
<td title='tests.testng.TestNgSuiteRunner.runScenario()'><b>runScenario</b><br>Test class: tests.testng.TestNgSuiteRunner<br>Test method: Runs Cucumber Scenarios<br>Parameters: "Verify the Sign Up un EDU Bank", "Optional[EDU AUT Login]"</td>
<td></td>
<td>0</td>
<td>tests.testng.TestNgSuiteRunner@32ee6fee</td></tr>
<tr>
<td title='tests.testng.TestNgSuiteRunner.runScenario()'><b>runScenario</b><br>Test class: tests.testng.TestNgSuiteRunner<br>Test method: Runs Cucumber Scenarios<br>Parameters: "Fill in search form", "Optional[Search for a line in google page]"</td>
<td></td>
<td>0</td>
<td>tests.testng.TestNgSuiteRunner@32ee6fee</td></tr>
<tr>
<td title='tests.testng.TestNgSuiteRunner.runScenario()'><b>runScenario</b><br>Test class: tests.testng.TestNgSuiteRunner<br>Test method: Runs Cucumber Scenarios<br>Parameters: "Successful login with valid credentials 2", "Optional[To check the Edit Profile  functionality for each user]"</td>
<td></td>
<td>0</td>
<td>tests.testng.TestNgSuiteRunner@32ee6fee</td></tr>
</table><p>
</body>
</html>